  interrupts.c
D:\Git\Chamelange\Chamelange\interrupts.c(3,10): warning C4067:  전처리기 지시문 다음에 예기치 않은 토큰이 있습니다. 줄 바꿈 문자가 필요합니다.
D:\Git\Chamelange\Chamelange\interrupts.c(11,18): warning C4013:  'getch'이(가) 정의되지 않았습니다. extern은 int형을 반환하는 것으로 간주합니다.
D:\Git\Chamelange\Chamelange\interrupts.c(54,11): warning C4013:  'new_File'이(가) 정의되지 않았습니다. extern은 int형을 반환하는 것으로 간주합니다.
D:\Git\Chamelange\Chamelange\interrupts.c(59,12): warning C4013:  'open_File'이(가) 정의되지 않았습니다. extern은 int형을 반환하는 것으로 간주합니다.
D:\Git\Chamelange\Chamelange\interrupts.c(63,12): warning C4013:  'find_File'이(가) 정의되지 않았습니다. extern은 int형을 반환하는 것으로 간주합니다.
D:\Git\Chamelange\Chamelange\interrupts.c(67,15): warning C4013:  'file_Manager'이(가) 정의되지 않았습니다. extern은 int형을 반환하는 것으로 간주합니다.
D:\Git\Chamelange\Chamelange\interrupts.c(82,8): warning C4013:  'main'이(가) 정의되지 않았습니다. extern은 int형을 반환하는 것으로 간주합니다.
D:\Git\Chamelange\Chamelange\interrupts.c(90,9): warning C4013:  'gotoxy'이(가) 정의되지 않았습니다. extern은 int형을 반환하는 것으로 간주합니다.
D:\Git\Chamelange\Chamelange\interrupts.c(92,1): warning C4996:  '_sleep': This function or variable has been superceded by newer library or operating system functionality. Consider using Sleep instead. See online help for details.
  main.c
C:\Program Files (x86)\Windows Kits\10\Include\10.0.18362.0\ucrt\stdlib.h(1274): message :  '_sleep' 선언을 참조하십시오.
D:\Git\Chamelange\Chamelange\main.c(23,1): warning C4996:  'fopen': This function or variable may be unsafe. Consider using fopen_s instead. To disable deprecation, use _CRT_SECURE_NO_WARNINGS. See online help for details.
C:\Program Files (x86)\Windows Kits\10\Include\10.0.18362.0\ucrt\stdio.h(208): message :  'fopen' 선언을 참조하십시오.
D:\Git\Chamelange\Chamelange\main.c(24,1): warning C4996:  'fopen': This function or variable may be unsafe. Consider using fopen_s instead. To disable deprecation, use _CRT_SECURE_NO_WARNINGS. See online help for details.
C:\Program Files (x86)\Windows Kits\10\Include\10.0.18362.0\ucrt\stdio.h(208): message :  'fopen' 선언을 참조하십시오.
D:\Git\Chamelange\Chamelange\main.c(27,1): warning C4996:  'fscanf': This function or variable may be unsafe. Consider using fscanf_s instead. To disable deprecation, use _CRT_SECURE_NO_WARNINGS. See online help for details.
C:\Program Files (x86)\Windows Kits\10\Include\10.0.18362.0\ucrt\stdio.h(1197): message :  'fscanf' 선언을 참조하십시오.
D:\Git\Chamelange\Chamelange\main.c(38,1): warning C4996:  'fscanf': This function or variable may be unsafe. Consider using fscanf_s instead. To disable deprecation, use _CRT_SECURE_NO_WARNINGS. See online help for details.
C:\Program Files (x86)\Windows Kits\10\Include\10.0.18362.0\ucrt\stdio.h(1197): message :  'fscanf' 선언을 참조하십시오.
  코드를 생성하고 있습니다...
D:\Git\Chamelange\Chamelange\main.c(18,6): warning C4101:  'i' :참조되지 않은 지역 변수입니다.
  Chamelange.vcxproj -> D:\Git\Chamelange\Chamelange\Debug\Chamelange.exe
